2018-07-13 08:27:34.492  INFO 1032 --- [main] com.example.myGreen.ApplicationTests     : Starting ApplicationTests on MSI with PID 1032 (started by dennis in D:\GitHub\MyGreen\code\MyGreenEnd)
2018-07-13 08:27:34.502  INFO 1032 --- [main] com.example.myGreen.ApplicationTests     : No active profile set, falling back to default profiles: default
2018-07-13 08:27:34.543  INFO 1032 --- [main] o.s.w.c.s.GenericWebApplicationContext   : Refreshing org.springframework.web.context.support.GenericWebApplicationContext@6cb107fd: startup date [Fri Jul 13 08:27:34 GMT+08:00 2018]; root of context hierarchy
2018-07-13 08:27:35.837  INFO 1032 --- [main] trationDelegate$BeanPostProcessorChecker : Bean 'org.springframework.transaction.annotation.ProxyTransactionManagementConfiguration' of type [org.springframework.transaction.annotation.ProxyTransactionManagementConfiguration$$EnhancerBySpringCGLIB$$da252e8e] is not eligible for getting processed by all BeanPostProcessors (for example: not eligible for auto-proxying)
2018-07-13 08:27:36.077  INFO 1032 --- [main] j.LocalContainerEntityManagerFactoryBean : Building JPA container EntityManagerFactory for persistence unit 'default'
2018-07-13 08:27:36.096  INFO 1032 --- [main] o.hibernate.jpa.internal.util.LogHelper  : HHH000204: Processing PersistenceUnitInfo [
	name: default
	...]
2018-07-13 08:27:36.173  INFO 1032 --- [main] org.hibernate.Version                    : HHH000412: Hibernate Core {5.2.16.Final}
2018-07-13 08:27:36.175  INFO 1032 --- [main] org.hibernate.cfg.Environment            : HHH000206: hibernate.properties not found
2018-07-13 08:27:36.264  INFO 1032 --- [main] o.hibernate.annotations.common.Version   : HCANN000001: Hibernate Commons Annotations {5.0.1.Final}
2018-07-13 08:27:36.391  INFO 1032 --- [main] com.zaxxer.hikari.HikariDataSource       : HikariPool-1 - Starting...
2018-07-13 08:27:36.634  INFO 1032 --- [main] com.zaxxer.hikari.HikariDataSource       : HikariPool-1 - Start completed.
2018-07-13 08:27:36.652  INFO 1032 --- [main] org.hibernate.dialect.Dialect            : HHH000400: Using dialect: org.hibernate.dialect.MySQL5Dialect
2018-07-13 08:27:37.159  WARN 1032 --- [main] org.hibernate.mapping.RootClass          : HHH000038: Composite-id class does not override equals(): com.example.myGreen.entity.key.SensorDataKey
2018-07-13 08:27:37.160  WARN 1032 --- [main] org.hibernate.mapping.RootClass          : HHH000039: Composite-id class does not override hashCode(): com.example.myGreen.entity.key.SensorDataKey
2018-07-13 08:27:37.160  WARN 1032 --- [main] org.hibernate.mapping.RootClass          : HHH000038: Composite-id class does not override equals(): com.example.myGreen.entity.key.SensorDataKey
2018-07-13 08:27:37.160  WARN 1032 --- [main] org.hibernate.mapping.RootClass          : HHH000039: Composite-id class does not override hashCode(): com.example.myGreen.entity.key.SensorDataKey
2018-07-13 08:27:37.611  INFO 1032 --- [main] j.LocalContainerEntityManagerFactoryBean : Initialized JPA EntityManagerFactory for persistence unit 'default'
2018-07-13 08:27:38.051  INFO 1032 --- [main] o.h.h.i.QueryTranslatorFactoryInitiator  : HHH000397: Using ASTQueryTranslatorFactory
2018-07-13 08:27:38.593  INFO 1032 --- [main] o.s.s.web.DefaultSecurityFilterChain     : Creating filter chain: Ant [pattern='/reg'], []
2018-07-13 08:27:38.684  INFO 1032 --- [main] o.s.s.web.DefaultSecurityFilterChain     : Creating filter chain: org.springframework.security.web.util.matcher.AnyRequestMatcher@1, [org.springframework.security.web.context.request.async.WebAsyncManagerIntegrationFilter@61a87366, org.springframework.security.web.context.SecurityContextPersistenceFilter@448ade1, org.springframework.security.web.header.HeaderWriterFilter@4ea1aa52, org.springframework.security.web.authentication.logout.LogoutFilter@4c24f3a2, org.springframework.security.web.authentication.UsernamePasswordAuthenticationFilter@14457a95, org.springframework.security.web.savedrequest.RequestCacheAwareFilter@418f0534, org.springframework.security.web.servletapi.SecurityContextHolderAwareRequestFilter@19002b34, org.springframework.security.web.authentication.AnonymousAuthenticationFilter@3c33fcf8, org.springframework.security.web.session.SessionManagementFilter@79ab97fd, org.springframework.security.web.access.ExceptionTranslationFilter@1578fa9, org.springframework.security.web.access.intercept.FilterSecurityInterceptor@478967eb]
2018-07-13 08:27:38.782  INFO 1032 --- [main] o.s.w.s.s.s.WebSocketHandlerMapping      : Mapped URL path [/checkLatestTemperature] onto handler of type [class org.springframework.web.socket.server.support.WebSocketHttpRequestHandler]
2018-07-13 08:27:38.782  INFO 1032 --- [main] o.s.w.s.s.s.WebSocketHandlerMapping      : Mapped URL path [/checkLatestWetness] onto handler of type [class org.springframework.web.socket.server.support.WebSocketHttpRequestHandler]
2018-07-13 08:27:38.782  INFO 1032 --- [main] o.s.w.s.s.s.WebSocketHandlerMapping      : Mapped URL path [/checkLatestTemperature/sockjs/**] onto handler of type [class org.springframework.web.socket.sockjs.support.SockJsHttpRequestHandler]
2018-07-13 08:27:38.782  INFO 1032 --- [main] o.s.w.s.s.s.WebSocketHandlerMapping      : Mapped URL path [/checkLatestWetness/sockjs/**] onto handler of type [class org.springframework.web.socket.sockjs.support.SockJsHttpRequestHandler]
2018-07-13 08:27:38.794  INFO 1032 --- [main] o.s.s.c.ThreadPoolTaskScheduler          : Initializing ExecutorService  'defaultSockJsTaskScheduler'
2018-07-13 08:27:39.110  INFO 1032 --- [main] o.s.w.s.handler.SimpleUrlHandlerMapping  : Mapped URL path [/**/favicon.ico] onto handler of type [class org.springframework.web.servlet.resource.ResourceHttpRequestHandler]
2018-07-13 08:27:39.334  INFO 1032 --- [main] s.w.s.m.m.a.RequestMappingHandlerAdapter : Looking for @ControllerAdvice: org.springframework.web.context.support.GenericWebApplicationContext@6cb107fd: startup date [Fri Jul 13 08:27:34 GMT+08:00 2018]; root of context hierarchy
2018-07-13 08:27:39.375  WARN 1032 --- [main] aWebConfiguration$JpaWebMvcConfiguration : spring.jpa.open-in-view is enabled by default. Therefore, database queries may be performed during view rendering. Explicitly configure spring.jpa.open-in-view to disable this warning
2018-07-13 08:27:39.405  INFO 1032 --- [main] s.w.s.m.m.a.RequestMappingHandlerMapping : Mapped "{[/validate],methods=[GET]}" onto public com.example.myGreen.dto.NormalDto com.example.myGreen.controller.EmailController.validate(java.lang.String)
2018-07-13 08:27:39.411  INFO 1032 --- [main] s.w.s.m.m.a.RequestMappingHandlerMapping : Mapped "{[/getGardenByUserId]}" onto public java.util.List<com.example.myGreen.entity.Garden> com.example.myGreen.controller.InterfaceController.getGardenByUserId(long)
2018-07-13 08:27:39.412  INFO 1032 --- [main] s.w.s.m.m.a.RequestMappingHandlerMapping : Mapped "{[/getTemperatureSensorByGardenId]}" onto public java.util.List<com.example.myGreen.entity.TemperatureSensor> com.example.myGreen.controller.InterfaceController.getTemperatureSensorByGardenId(long)
2018-07-13 08:27:39.413  INFO 1032 --- [main] s.w.s.m.m.a.RequestMappingHandlerMapping : Mapped "{[/saveTemperatureSensor],methods=[POST]}" onto public void com.example.myGreen.controller.InterfaceController.saveTemperatureSensor(com.example.myGreen.entity.TemperatureSensor)
2018-07-13 08:27:39.413  INFO 1032 --- [main] s.w.s.m.m.a.RequestMappingHandlerMapping : Mapped "{[/getWetnessSensorByGardenId]}" onto public java.util.List<com.example.myGreen.entity.WetnessSensor> com.example.myGreen.controller.InterfaceController.getWetnessSensorByGardenId(long)
2018-07-13 08:27:39.413  INFO 1032 --- [main] s.w.s.m.m.a.RequestMappingHandlerMapping : Mapped "{[/saveController],methods=[POST]}" onto public void com.example.myGreen.controller.InterfaceController.saveController(com.example.myGreen.entity.GardenController)
2018-07-13 08:27:39.414  INFO 1032 --- [main] s.w.s.m.m.a.RequestMappingHandlerMapping : Mapped "{[/saveGarden],methods=[POST]}" onto public long com.example.myGreen.controller.InterfaceController.saveGarden(com.example.myGreen.entity.Garden)
2018-07-13 08:27:39.414  INFO 1032 --- [main] s.w.s.m.m.a.RequestMappingHandlerMapping : Mapped "{[/getUserByAccount]}" onto public com.example.myGreen.entity.User com.example.myGreen.controller.InterfaceController.getUserByAccount(java.lang.String)
2018-07-13 08:27:39.415  INFO 1032 --- [main] s.w.s.m.m.a.RequestMappingHandlerMapping : Mapped "{[/isPhoneExist]}" onto public boolean com.example.myGreen.controller.InterfaceController.isPhoneExist(java.lang.String)
2018-07-13 08:27:39.415  INFO 1032 --- [main] s.w.s.m.m.a.RequestMappingHandlerMapping : Mapped "{[/isAccountExist]}" onto public boolean com.example.myGreen.controller.InterfaceController.isAccountExist(java.lang.String)
2018-07-13 08:27:39.415  INFO 1032 --- [main] s.w.s.m.m.a.RequestMappingHandlerMapping : Mapped "{[/saveUser],methods=[POST]}" onto public long com.example.myGreen.controller.InterfaceController.saveUser(com.example.myGreen.entity.User)
2018-07-13 08:27:39.416  INFO 1032 --- [main] s.w.s.m.m.a.RequestMappingHandlerMapping : Mapped "{[/isEmailExist]}" onto public boolean com.example.myGreen.controller.InterfaceController.isEmailExist(java.lang.String)
2018-07-13 08:27:39.416  INFO 1032 --- [main] s.w.s.m.m.a.RequestMappingHandlerMapping : Mapped "{[/updateUser],methods=[POST]}" onto public void com.example.myGreen.controller.InterfaceController.updateUser(com.example.myGreen.entity.User)
2018-07-13 08:27:39.416  INFO 1032 --- [main] s.w.s.m.m.a.RequestMappingHandlerMapping : Mapped "{[/getControllerByGardenId]}" onto public java.util.List<com.example.myGreen.entity.GardenController> com.example.myGreen.controller.InterfaceController.getControllerByGardenId(long)
2018-07-13 08:27:39.417  INFO 1032 --- [main] s.w.s.m.m.a.RequestMappingHandlerMapping : Mapped "{[/updateControllerValidById]}" onto public void com.example.myGreen.controller.InterfaceController.updateControllerValidById(long,boolean)
2018-07-13 08:27:39.417  INFO 1032 --- [main] s.w.s.m.m.a.RequestMappingHandlerMapping : Mapped "{[/saveWetnessSensor],methods=[POST]}" onto public void com.example.myGreen.controller.InterfaceController.saveWetnessSensor(com.example.myGreen.entity.WetnessSensor)
2018-07-13 08:27:39.419  INFO 1032 --- [main] s.w.s.m.m.a.RequestMappingHandlerMapping : Mapped "{[/getLatestTemperatureByGardenId]}" onto public java.lang.String com.example.myGreen.controller.InterfaceController.getLatestTemperatureByGardenId(long)
2018-07-13 08:27:39.422  INFO 1032 --- [main] s.w.s.m.m.a.RequestMappingHandlerMapping : Mapped "{[/loginPage]}" onto public java.lang.String com.example.myGreen.controller.PageController.loginPage()
2018-07-13 08:27:39.422  INFO 1032 --- [main] s.w.s.m.m.a.RequestMappingHandlerMapping : Mapped "{[/webSocketTest],methods=[GET]}" onto public java.lang.String com.example.myGreen.controller.PageController.webSocket()
2018-07-13 08:27:39.422  INFO 1032 --- [main] s.w.s.m.m.a.RequestMappingHandlerMapping : Mapped "{[/],methods=[GET]}" onto public java.lang.String com.example.myGreen.controller.PageController.Greeting()
2018-07-13 08:27:39.425  INFO 1032 --- [main] s.w.s.m.m.a.RequestMappingHandlerMapping : Mapped "{[/error]}" onto public org.springframework.http.ResponseEntity<java.util.Map<java.lang.String, java.lang.Object>> org.springframework.boot.autoconfigure.web.servlet.error.BasicErrorController.error(javax.servlet.http.HttpServletRequest)
2018-07-13 08:27:39.426  INFO 1032 --- [main] s.w.s.m.m.a.RequestMappingHandlerMapping : Mapped "{[/error],produces=[text/html]}" onto public org.springframework.web.servlet.ModelAndView org.springframework.boot.autoconfigure.web.servlet.error.BasicErrorController.errorHtml(javax.servlet.http.HttpServletRequest,javax.servlet.http.HttpServletResponse)
2018-07-13 08:27:39.472  INFO 1032 --- [main] o.s.w.s.handler.SimpleUrlHandlerMapping  : Mapped URL path [/webjars/**] onto handler of type [class org.springframework.web.servlet.resource.ResourceHttpRequestHandler]
2018-07-13 08:27:39.473  INFO 1032 --- [main] o.s.w.s.handler.SimpleUrlHandlerMapping  : Mapped URL path [/**] onto handler of type [class org.springframework.web.servlet.resource.ResourceHttpRequestHandler]
2018-07-13 08:27:39.517  INFO 1032 --- [main] o.s.b.a.w.s.WelcomePageHandlerMapping    : Adding welcome page: class path resource [static/index.html]
2018-07-13 08:27:39.767  INFO 1032 --- [main] o.s.c.support.DefaultLifecycleProcessor  : Starting beans in phase 2147483647
2018-07-13 08:27:39.775  INFO 1032 --- [main] com.example.myGreen.ApplicationTests     : Started ApplicationTests in 5.707 seconds (JVM running for 7.607)
